[INFO]2026/07/05 14:43:41 logger.go:62: [mysql server start suc]
[INFO]2026/07/05 14:43:41 logger.go:62: [redis server start suc]
[INFO]2026/07/05 14:43:41 logger.go:62: [simple game http start suc!]
[ERROR]2026/07/05 14:43:41 logger.go:78: create listener failedtcp127.0.0.18888listen tcp 127.0.0.1:8888: bind: Only one usage of each socket address (protocol/network address/port) is normally permitted.
[ERROR]2026/07/05 14:43:41 logger.go:78: simple game http start faillisten tcp 127.0.0.1:9902: bind: Only one usage of each socket address (protocol/network address/port) is normally permitted.
[ERROR]2026/07/05 14:43:41 logger.go:78: create listener failedws127.0.0.18889listen tcp 127.0.0.1:8889: bind: Only one usage of each socket address (protocol/network address/port) is normally permitted.
[INFO]2026/07/05 14:57:31 logger.go:62: mysql server start suc
[INFO]2026/07/05 14:57:31 logger.go:62: redis server start suc
[INFO]2026/07/05 14:57:31 logger.go:62: simple game http start suc!
[INFO]2026/07/05 14:57:31 logger.go:62: listener start:tcp127.0.0.1:8888
[INFO]2026/07/05 14:57:31 logger.go:62: grpc server start port: 9901
[INFO]2026/07/05 14:57:31 logger.go:62: listener start:ws127.0.0.1:8889
[INFO]2026/07/05 15:04:36 logger.go:62: mysql server start suc
[INFO]2026/07/05 15:04:37 logger.go:62: redis server start suc
[INFO]2026/07/05 15:04:58 logger.go:62: simple game http start suc!
[INFO]2026/07/05 15:04:59 logger.go:62: listener start:tcp127.0.0.1:8888
[INFO]2026/07/05 15:05:02 logger.go:62: listener start:ws127.0.0.1:8889
[INFO]2026/07/05 15:05:02 logger.go:62: grpc server start port: 9901
[INFO]2026/07/05 15:10:00 logger.go:62: mysql server start suc
[INFO]2026/07/05 15:10:00 logger.go:62: redis server start suc
[INFO]2026/07/05 15:10:00 logger.go:62: simple game http start suc!
[INFO]2026/07/05 15:10:00 logger.go:62: listener start:tcp127.0.0.1:8888
[INFO]2026/07/05 15:10:00 logger.go:62: listener start:ws127.0.0.1:8889
[INFO]2026/07/05 15:10:00 logger.go:62: grpc server start port: 9901
[INFO]2026/07/05 15:10:37 logger.go:62: mysql server start suc
[INFO]2026/07/05 15:10:37 logger.go:62: redis server start suc
[INFO]2026/07/05 15:10:53 logger.go:62: simple game http start suc!
[INFO]2026/07/05 15:11:28 logger.go:62: listener start:tcp127.0.0.1:8888
[INFO]2026/07/05 15:11:41 logger.go:62: listener start:ws127.0.0.1:8889
[INFO]2026/07/05 15:11:41 logger.go:62: grpc server start port: 9901
[INFO]2026/07/05 15:12:40 logger.go:62: mysql server start suc
[INFO]2026/07/05 15:12:40 logger.go:62: redis server start suc
[INFO]2026/07/05 15:12:40 logger.go:62: simple game http start suc!
[INFO]2026/07/05 15:12:40 logger.go:62: listener start:tcp127.0.0.1:8888
[INFO]2026/07/05 15:12:40 logger.go:62: listener start:ws127.0.0.1:8889
[INFO]2026/07/05 15:12:40 logger.go:62: grpc server start port: 9901
[INFO]2026/07/05 15:27:17 logger.go:62: mysql server start suc
[INFO]2026/07/05 15:27:17 logger.go:62: redis server start suc
[INFO]2026/07/05 15:27:17 logger.go:62: simple game http start suc!
[INFO]2026/07/05 15:27:17 logger.go:62: listener start:tcp127.0.0.1:8888
[INFO]2026/07/05 15:27:17 logger.go:62: listener start:ws127.0.0.1:8889
[INFO]2026/07/05 15:27:17 logger.go:62: grpc server start port: 9901
[INFO]2026/07/05 15:27:42 logger.go:62: handleMessage ,{"name":"LoginReq","data":"CM7C8QUSC3Rlc3RfcGxheWVyGgMxMjM="}
[DEBUG]2026/07/05 15:27:42 logger.go:54: req :LoginReq
[DEBUG]2026/07/05 15:27:42 logger.go:54: res :LoginRes{"UUid":"12345678"}
[INFO]2026/07/05 15:27:52 logger.go:62: handleMessage ,{"name":"LoginReq","data":"CM7C8QUSC3Rlc3RfcGxheWVyGgMxMjM="}
[DEBUG]2026/07/05 15:27:52 logger.go:54: req :LoginReq
[DEBUG]2026/07/05 15:27:52 logger.go:54: res :LoginRes{"UUid":"12345678"}
[INFO]2026/07/05 15:27:52 logger.go:62: player persistence12345678
[INFO]2026/07/05 15:28:02 logger.go:62: player persistence12345678
[INFO]2026/07/05 15:28:12 logger.go:62: player persistence12345678
[INFO]2026/07/05 15:28:22 logger.go:62: player persistence12345678
[INFO]2026/07/05 15:28:30 logger.go:62: handleMessage ,{"name":"LoginReq","data":"CM7C8QUSC3Rlc3RfcGxheWVyGgMxMjM="}
[DEBUG]2026/07/05 15:28:30 logger.go:54: req :LoginReq
[DEBUG]2026/07/05 15:28:30 logger.go:54: res :LoginRes{"UUid":"12345678"}
[INFO]2026/07/05 15:28:31 logger.go:62: handleMessage ,{"name":"HeartReq","data":""}
[DEBUG]2026/07/05 15:28:31 logger.go:54: req :HeartReq
[DEBUG]2026/07/05 15:28:31 logger.go:54: res :HeartRes{"Time":"1783236511"}
[INFO]2026/07/05 15:28:32 logger.go:62: player persistence12345678
[INFO]2026/07/05 15:28:33 logger.go:62: handleMessage ,{"name":"HeartReq","data":""}
[DEBUG]2026/07/05 15:28:33 logger.go:54: req :HeartReq
[DEBUG]2026/07/05 15:28:33 logger.go:54: res :HeartRes{"Time":"1783236513"}
[INFO]2026/07/05 15:28:36 logger.go:62: handleMessage ,{"name":"HeartReq","data":""}
[DEBUG]2026/07/05 15:28:36 logger.go:54: req :HeartReq
[DEBUG]2026/07/05 15:28:36 logger.go:54: res :HeartRes{"Time":"1783236516"}
[INFO]2026/07/05 15:28:39 logger.go:62: handleMessage ,{"name":"HeartReq","data":""}
[DEBUG]2026/07/05 15:28:45 logger.go:54: req :HeartReq
[INFO]2026/07/05 15:28:45 logger.go:62: handleMessage ,{"name":"LoginReq","data":"CM7C8QUSC3Rlc3RfcGxheWVyGgMxMjM="}
[DEBUG]2026/07/05 15:28:45 logger.go:54: res :HeartRes{"Time":"1783236525"}
[INFO]2026/07/05 15:28:45 logger.go:62: handleMessage ,{"name":"HeartReq","data":""}
[INFO]2026/07/05 15:28:45 logger.go:62: handleMessage ,{"name":"HeartReq","data":""}
[INFO]2026/07/05 15:28:45 logger.go:62: player persistence12345678
[INFO]2026/07/05 15:28:45 logger.go:62: player persistence12345678
[DEBUG]2026/07/05 15:28:45 logger.go:54: req :LoginReq
[DEBUG]2026/07/05 15:28:45 logger.go:54: res :LoginRes{"UUid":"12345678"}
[DEBUG]2026/07/05 15:28:45 logger.go:54: req :HeartReq
[DEBUG]2026/07/05 15:28:45 logger.go:54: res :HeartRes{"Time":"1783236525"}
[DEBUG]2026/07/05 15:28:45 logger.go:54: req :HeartReq
[DEBUG]2026/07/05 15:28:45 logger.go:54: res :HeartRes{"Time":"1783236525"}
[INFO]2026/07/05 15:28:48 logger.go:62: handleMessage ,{"name":"HeartReq","data":""}
[DEBUG]2026/07/05 15:28:48 logger.go:54: req :HeartReq
[DEBUG]2026/07/05 15:28:48 logger.go:54: res :HeartRes{"Time":"1783236528"}
[INFO]2026/07/05 15:28:51 logger.go:62: handleMessage ,{"name":"HeartReq","data":""}
[DEBUG]2026/07/05 15:28:51 logger.go:54: req :HeartReq
[DEBUG]2026/07/05 15:28:51 logger.go:54: res :HeartRes{"Time":"1783236531"}
[INFO]2026/07/05 15:28:54 logger.go:62: handleMessage ,{"name":"HeartReq","data":""}
[DEBUG]2026/07/05 15:28:54 logger.go:54: req :HeartReq
[DEBUG]2026/07/05 15:28:54 logger.go:54: res :HeartRes{"Time":"1783236534"}
[INFO]2026/07/05 15:28:55 logger.go:62: player persistence12345678
[INFO]2026/07/05 15:28:55 logger.go:62: player persistence12345678
[INFO]2026/07/05 15:28:57 logger.go:62: handleMessage ,{"name":"HeartReq","data":""}
[DEBUG]2026/07/05 15:28:57 logger.go:54: req :HeartReq
[DEBUG]2026/07/05 15:28:57 logger.go:54: res :HeartRes{"Time":"1783236537"}
[INFO]2026/07/05 15:29:00 logger.go:62: handleMessage ,{"name":"HeartReq","data":""}
[DEBUG]2026/07/05 15:29:00 logger.go:54: req :HeartReq
[DEBUG]2026/07/05 15:29:00 logger.go:54: res :HeartRes{"Time":"1783236540"}
[INFO]2026/07/05 15:29:03 logger.go:62: handleMessage ,{"name":"HeartReq","data":""}
[DEBUG]2026/07/05 15:29:03 logger.go:54: req :HeartReq
[DEBUG]2026/07/05 15:29:03 logger.go:54: res :HeartRes{"Time":"1783236543"}
[INFO]2026/07/05 15:29:05 logger.go:62: player persistence12345678
[INFO]2026/07/05 15:29:05 logger.go:62: player persistence12345678
[INFO]2026/07/05 15:29:06 logger.go:62: handleMessage ,{"name":"HeartReq","data":""}
[DEBUG]2026/07/05 15:29:06 logger.go:54: req :HeartReq
[DEBUG]2026/07/05 15:29:06 logger.go:54: res :HeartRes{"Time":"1783236546"}
[INFO]2026/07/05 15:29:09 logger.go:62: handleMessage ,{"name":"HeartReq","data":""}
[DEBUG]2026/07/05 15:29:09 logger.go:54: req :HeartReq
[DEBUG]2026/07/05 15:29:09 logger.go:54: res :HeartRes{"Time":"1783236549"}
[INFO]2026/07/05 15:29:12 logger.go:62: handleMessage ,{"name":"HeartReq","data":""}
[DEBUG]2026/07/05 15:29:12 logger.go:54: req :HeartReq
[DEBUG]2026/07/05 15:29:12 logger.go:54: res :HeartRes{"Time":"1783236552"}
[INFO]2026/07/05 15:29:15 logger.go:62: handleMessage ,{"name":"HeartReq","data":""}
[DEBUG]2026/07/05 15:29:15 logger.go:54: req :HeartReq
[DEBUG]2026/07/05 15:29:15 logger.go:54: res :HeartRes{"Time":"1783236555"}
[INFO]2026/07/05 15:29:15 logger.go:62: player persistence12345678
[INFO]2026/07/05 15:29:15 logger.go:62: player persistence12345678
[INFO]2026/07/05 15:29:18 logger.go:62: handleMessage ,{"name":"HeartReq","data":""}
[DEBUG]2026/07/05 15:29:18 logger.go:54: req :HeartReq
[DEBUG]2026/07/05 15:29:18 logger.go:54: res :HeartRes{"Time":"1783236558"}
[INFO]2026/07/05 15:29:21 logger.go:62: handleMessage ,{"name":"HeartReq","data":""}
[INFO]2026/07/05 15:29:28 logger.go:62: handleMessage ,{"name":"HeartReq","data":""}
[INFO]2026/07/05 15:29:28 logger.go:62: handleMessage ,{"name":"HeartReq","data":""}
[INFO]2026/07/05 15:29:28 logger.go:62: player persistence12345678
[DEBUG]2026/07/05 15:29:28 logger.go:54: req :HeartReq
[DEBUG]2026/07/05 15:29:28 logger.go:54: res :HeartRes{"Time":"1783236568"}
[INFO]2026/07/05 15:29:28 logger.go:62: player persistence12345678
[DEBUG]2026/07/05 15:29:28 logger.go:54: req :HeartReq
[DEBUG]2026/07/05 15:29:28 logger.go:54: res :HeartRes{"Time":"1783236568"}
[DEBUG]2026/07/05 15:29:28 logger.go:54: req :HeartReq
[DEBUG]2026/07/05 15:29:28 logger.go:54: res :HeartRes{"Time":"1783236568"}
[INFO]2026/07/05 15:29:30 logger.go:62: handleMessage ,{"name":"HeartReq","data":""}
[DEBUG]2026/07/05 15:29:30 logger.go:54: req :HeartReq
[DEBUG]2026/07/05 15:29:30 logger.go:54: res :HeartRes{"Time":"1783236570"}
[INFO]2026/07/05 15:29:32 logger.go:62: handleMessage ,{"name":"LoginReq","data":"CM7C8QUSC3Rlc3RfcGxheWVyGgMxMjM="}
[DEBUG]2026/07/05 15:29:32 logger.go:54: req :LoginReq
[DEBUG]2026/07/05 15:29:32 logger.go:54: res :LoginRes{"UUid":"12345678"}
[INFO]2026/07/05 15:29:33 logger.go:62: handleMessage ,{"name":"HeartReq","data":""}
[DEBUG]2026/07/05 15:29:33 logger.go:54: req :HeartReq
[DEBUG]2026/07/05 15:29:33 logger.go:54: res :HeartRes{"Time":"1783236573"}
[INFO]2026/07/05 15:29:33 logger.go:62: handleMessage ,{"name":"LoginReq","data":"CM7C8QUSC3Rlc3RfcGxheWVyGgMxMjM="}
[DEBUG]2026/07/05 15:29:33 logger.go:54: req :LoginReq
[DEBUG]2026/07/05 15:29:33 logger.go:54: res :LoginRes{"UUid":"12345678"}
[INFO]2026/07/05 15:29:36 logger.go:62: handleMessage ,{"name":"HeartReq","data":""}
[DEBUG]2026/07/05 15:29:36 logger.go:54: req :HeartReq
[DEBUG]2026/07/05 15:29:36 logger.go:54: res :HeartRes{"Time":"1783236576"}
[INFO]2026/07/05 15:29:38 logger.go:62: player persistence12345678
[INFO]2026/07/05 15:29:38 logger.go:62: player persistence12345678
[INFO]2026/07/05 15:29:39 logger.go:62: handleMessage ,{"name":"HeartReq","data":""}
[DEBUG]2026/07/05 15:29:39 logger.go:54: req :HeartReq
[DEBUG]2026/07/05 15:29:39 logger.go:54: res :HeartRes{"Time":"1783236579"}
[INFO]2026/07/05 15:29:40 logger.go:62: handleMessage ,{"name":"LoginReq","data":"CM7C8QUSC3Rlc3RfcGxheWVyGgMxMjM="}
[INFO]2026/07/05 15:29:51 logger.go:62: handleMessage ,{"name":"HeartReq","data":""}
[DEBUG]2026/07/05 15:29:51 logger.go:54: req :LoginReq
[INFO]2026/07/05 15:29:51 logger.go:62: handleMessage ,{"name":"HeartReq","data":""}
[INFO]2026/07/05 15:29:51 logger.go:62: handleMessage ,{"name":"HeartReq","data":""}
[DEBUG]2026/07/05 15:29:51 logger.go:54: res :LoginRes{"UUid":"12345678"}
[INFO]2026/07/05 15:29:51 logger.go:62: handleMessage ,{"name":"HeartReq","data":""}
[INFO]2026/07/05 15:29:51 logger.go:62: player persistence12345678
[INFO]2026/07/05 15:29:51 logger.go:62: player persistence12345678
[DEBUG]2026/07/05 15:29:51 logger.go:54: req :HeartReq
[DEBUG]2026/07/05 15:29:51 logger.go:54: res :HeartRes{"Time":"1783236591"}
[DEBUG]2026/07/05 15:29:51 logger.go:54: req :HeartReq
[DEBUG]2026/07/05 15:29:51 logger.go:54: res :HeartRes{"Time":"1783236591"}
[DEBUG]2026/07/05 15:29:51 logger.go:54: req :HeartReq
[DEBUG]2026/07/05 15:29:51 logger.go:54: res :HeartRes{"Time":"1783236591"}
[DEBUG]2026/07/05 15:29:51 logger.go:54: req :HeartReq
[DEBUG]2026/07/05 15:29:51 logger.go:54: res :HeartRes{"Time":"1783236591"}
[INFO]2026/07/05 15:29:54 logger.go:62: handleMessage ,{"name":"HeartReq","data":""}
[DEBUG]2026/07/05 15:29:54 logger.go:54: req :HeartReq
[DEBUG]2026/07/05 15:29:54 logger.go:54: res :HeartRes{"Time":"1783236594"}
[INFO]2026/07/05 15:29:57 logger.go:62: handleMessage ,{"name":"HeartReq","data":""}
[DEBUG]2026/07/05 15:29:57 logger.go:54: req :HeartReq
[DEBUG]2026/07/05 15:29:57 logger.go:54: res :HeartRes{"Time":"1783236597"}
[INFO]2026/07/05 15:30:00 logger.go:62: handleMessage ,{"name":"HeartReq","data":""}
[DEBUG]2026/07/05 15:30:00 logger.go:54: req :HeartReq
[DEBUG]2026/07/05 15:30:00 logger.go:54: res :HeartRes{"Time":"1783236600"}
[INFO]2026/07/05 15:30:01 logger.go:62: player persistence12345678
[INFO]2026/07/05 15:30:01 logger.go:62: player persistence12345678
[INFO]2026/07/05 15:30:03 logger.go:62: handleMessage ,{"name":"HeartReq","data":""}
[DEBUG]2026/07/05 15:30:03 logger.go:54: req :HeartReq
[DEBUG]2026/07/05 15:30:03 logger.go:54: res :HeartRes{"Time":"1783236603"}
[INFO]2026/07/05 15:30:06 logger.go:62: handleMessage ,{"name":"HeartReq","data":""}
[DEBUG]2026/07/05 15:30:06 logger.go:54: req :HeartReq
[DEBUG]2026/07/05 15:30:06 logger.go:54: res :HeartRes{"Time":"1783236606"}
[INFO]2026/07/05 15:30:09 logger.go:62: handleMessage ,{"name":"HeartReq","data":""}
[DEBUG]2026/07/05 15:30:09 logger.go:54: req :HeartReq
[DEBUG]2026/07/05 15:30:09 logger.go:54: res :HeartRes{"Time":"1783236609"}
[INFO]2026/07/05 15:30:11 logger.go:62: player persistence12345678
[INFO]2026/07/05 15:30:11 logger.go:62: player persistence12345678
[INFO]2026/07/05 15:30:12 logger.go:62: handleMessage ,{"name":"HeartReq","data":""}
[DEBUG]2026/07/05 15:30:12 logger.go:54: req :HeartReq
[DEBUG]2026/07/05 15:30:12 logger.go:54: res :HeartRes{"Time":"1783236612"}
[INFO]2026/07/05 15:30:15 logger.go:62: handleMessage ,{"name":"HeartReq","data":""}
[DEBUG]2026/07/05 15:30:15 logger.go:54: req :HeartReq
[DEBUG]2026/07/05 15:30:15 logger.go:54: res :HeartRes{"Time":"1783236615"}
[INFO]2026/07/05 15:30:18 logger.go:62: handleMessage ,{"name":"HeartReq","data":""}
[DEBUG]2026/07/05 15:30:18 logger.go:54: req :HeartReq
[DEBUG]2026/07/05 15:30:18 logger.go:54: res :HeartRes{"Time":"1783236618"}
[INFO]2026/07/05 15:30:21 logger.go:62: handleMessage ,{"name":"HeartReq","data":""}
[DEBUG]2026/07/05 15:30:21 logger.go:54: req :HeartReq
[DEBUG]2026/07/05 15:30:21 logger.go:54: res :HeartRes{"Time":"1783236621"}
[INFO]2026/07/05 15:30:21 logger.go:62: player persistence12345678
[INFO]2026/07/05 15:30:21 logger.go:62: player persistence12345678
[INFO]2026/07/05 15:30:24 logger.go:62: handleMessage ,{"name":"HeartReq","data":""}
[DEBUG]2026/07/05 15:30:24 logger.go:54: req :HeartReq
[DEBUG]2026/07/05 15:30:24 logger.go:54: res :HeartRes{"Time":"1783236624"}
[INFO]2026/07/05 15:30:27 logger.go:62: handleMessage ,{"name":"HeartReq","data":""}
[DEBUG]2026/07/05 15:30:27 logger.go:54: req :HeartReq
[DEBUG]2026/07/05 15:30:27 logger.go:54: res :HeartRes{"Time":"1783236627"}
[INFO]2026/07/05 15:30:30 logger.go:62: handleMessage ,{"name":"HeartReq","data":""}
[DEBUG]2026/07/05 15:30:30 logger.go:54: req :HeartReq
[DEBUG]2026/07/05 15:30:30 logger.go:54: res :HeartRes{"Time":"1783236630"}
[INFO]2026/07/05 15:30:31 logger.go:62: player persistence12345678
[INFO]2026/07/05 15:30:31 logger.go:62: player persistence12345678
[INFO]2026/07/05 15:30:33 logger.go:62: handleMessage ,{"name":"HeartReq","data":""}
[DEBUG]2026/07/05 15:30:33 logger.go:54: req :HeartReq
[DEBUG]2026/07/05 15:30:33 logger.go:54: res :HeartRes{"Time":"1783236633"}
[INFO]2026/07/05 15:30:36 logger.go:62: handleMessage ,{"name":"HeartReq","data":""}
[DEBUG]2026/07/05 15:30:36 logger.go:54: req :HeartReq
[DEBUG]2026/07/05 15:30:36 logger.go:54: res :HeartRes{"Time":"1783236636"}
[INFO]2026/07/05 15:30:39 logger.go:62: handleMessage ,{"name":"HeartReq","data":""}
[DEBUG]2026/07/05 15:30:39 logger.go:54: req :HeartReq
[DEBUG]2026/07/05 15:30:39 logger.go:54: res :HeartRes{"Time":"1783236639"}
[INFO]2026/07/05 15:30:41 logger.go:62: player persistence12345678
[INFO]2026/07/05 15:30:41 logger.go:62: player persistence12345678
